<?xml version="1.0" encoding="UTF-8"?>
<testsuite xmlns:xsi="http://www.w3.org/2001/XMLSchema-instance" xsi:noNamespaceSchemaLocation="https://maven.apache.org/surefire/maven-surefire-plugin/xsd/surefire-test-report-3.0.xsd" version="3.0" name="TestSuite" time="79.921" tests="6" errors="0" skipped="0" failures="3">
  <properties>
[...]
</properties>
  <testcase name="runScenario[&quot;Validate missing phone number&quot;, &quot;Validate the Booking module in the Event Management System&quot;](1)" classname="testrunners.TestRunners" time="19.942">
    <system-out><![CDATA[
&amp#27;[1mScenario:&amp#27;[22m Validate missing phone number                                     &amp#27;[90m# file:///D:/EventManagementSystem/src/test/resources/features/bookingModule.feature:6&amp#27;[0m
  &amp#27;[32m✔&amp#27;[0m &amp#27;[32m&amp#27;[1mGiven &amp#27;[22mThe user opens the Booking module&amp#27;[0m                                 &amp#27;[90m# stepdefinitions.BookingModuleDefinitions.the_user_opens_the_booking_module()&amp#27;[0m
  &amp#27;[32m✔&amp#27;[0m &amp#27;[32m&amp#27;[1mWhen &amp#27;[22mThe user fills all required booking fields except the phone number&amp#27;[0m &amp#27;[90m# stepdefinitions.BookingModuleDefinitions.the_user_fills_all_required_booking_fields_except_the_phone_number()&amp#27;[0m
  &amp#27;[32m✔&amp#27;[0m &amp#27;[32m&amp#27;[1mAnd &amp#27;[22mSubmits the booking form&amp#27;[0m                                            &amp#27;[90m# stepdefinitions.BookingModuleDefinitions.submits_the_booking_form()&amp#27;[0m
  &amp#27;[32m✔&amp#27;[0m &amp#27;[32m&amp#27;[1mThen &amp#27;[22mA phone number error message should be displayed&amp#27;[0m                   &amp#27;[90m# stepdefinitions.BookingModuleDefinitions.a_phone_number_error_message_should_be_displayed()&amp#27;[0m
]]></system-out>
    <system-err><![CDATA[SLF4J: No SLF4J providers were found.
SLF4J: Defaulting to no-operation (NOP) logger implementation
SLF4J: See https://www.slf4j.org/codes.html#noProviders for further details.
Aug 17, 2025 2:40:42 AM org.openqa.selenium.devtools.CdpVersionFinder findNearestMatch
WARNING: Unable to find CDP implementation matching 139
Aug 17, 2025 2:40:42 AM org.openqa.selenium.chromium.ChromiumDriver lambda$new$5
WARNING: Unable to find version of CDP to use for 139.0.7258.128. You may need to include a dependency on a specific version of the CDP using something similar to `org.seleniumhq.selenium:selenium-devtools-v86:4.12.1` where the version ("v86") matches the version of the chromium-based browser you're using and the version number of the artifact is the same as Selenium's.
]]></system-err>
  </testcase>
  <testcase name="runScenario[&quot;Validate invalid guest count&quot;, &quot;Validate the Booking module in the Event Management System&quot;](2)" classname="testrunners.TestRunners" time="10.673">
    <failure message="Guest count error message is not as expected." type="java.lang.AssertionError"><![CDATA[java.lang.AssertionError: Guest count error message is not as expected.
	at org.testng.Assert.fail(Assert.java:110)
	at stepdefinitions.BookingModuleDefinitions.a_guest_count_error_message_should_be_displayed(BookingModuleDefinitions.java:82)
	at ✽.A guest count error message should be displayed(file:///D:/EventManagementSystem/src/test/resources/features/bookingModule.feature:14)
]]></failure>
    <system-out><![CDATA[
&amp#27;[1mScenario:&amp#27;[22m Validate invalid guest count                               &amp#27;[90m# file:///D:/EventManagementSystem/src/test/resources/features/bookingModule.feature:11&amp#27;[0m
  &amp#27;[32m✔&amp#27;[0m &amp#27;[32m&amp#27;[1mGiven &amp#27;[22mThe user opens the Booking module&amp#27;[0m                          &amp#27;[90m# stepdefinitions.BookingModuleDefinitions.the_user_opens_the_booking_module()&amp#27;[0m
  &amp#27;[32m✔&amp#27;[0m &amp#27;[32m&amp#27;[1mWhen &amp#27;[22mThe user fills the booking form with an invalid guest count&amp#27;[0m &amp#27;[90m# stepdefinitions.BookingModuleDefinitions.the_user_fills_the_booking_form_with_an_invalid_guest_count()&amp#27;[0m
  &amp#27;[32m✔&amp#27;[0m &amp#27;[32m&amp#27;[1mAnd &amp#27;[22mSubmits the booking form&amp#27;[0m                                     &amp#27;[90m# stepdefinitions.BookingModuleDefinitions.submits_the_booking_form()&amp#27;[0m
Mismatch! Expected: "Your guest count should be a number", but found: ""
  &amp#27;[31m✘&amp#27;[0m &amp#27;[31m&amp#27;[1mThen &amp#27;[22mA guest count error message should be displayed&amp#27;[0m             &amp#27;[90m# stepdefinitions.BookingModuleDefinitions.a_guest_count_error_message_should_be_displayed()&amp#27;[0m
        &amp#27;[31mjava.lang.AssertionError: Guest count error message is not as expected.
        	at org.testng.Assert.fail(Assert.java:110)
        	at stepdefinitions.BookingModuleDefinitions.a_guest_count_error_message_should_be_displayed(BookingModuleDefinitions.java:82)
        	at ✽.A guest count error message should be displayed(file:///D:/EventManagementSystem/src/test/resources/features/bookingModule.feature:14)&amp#27;[0m
]]></system-out>
    <system-err><![CDATA[Aug 17, 2025 2:40:57 AM org.openqa.selenium.devtools.CdpVersionFinder findNearestMatch
WARNING: Unable to find CDP implementation matching 139
Aug 17, 2025 2:40:57 AM org.openqa.selenium.chromium.ChromiumDriver lambda$new$5
WARNING: Unable to find version of CDP to use for 139.0.7258.128. You may need to include a dependency on a specific version of the CDP using something similar to `org.seleniumhq.selenium:selenium-devtools-v86:4.12.1` where the version ("v86") matches the version of the chromium-based browser you're using and the version number of the artifact is the same as Selenium's.
]]></system-err>
  </testcase>
  <testcase name="runScenario[&quot;Validate default event type selection&quot;, &quot;Validate the Booking module in the Event Management System&quot;](3)" classname="testrunners.TestRunners" time="9.149">
    <system-out><![CDATA[
&amp#27;[1mScenario:&amp#27;[22m Validate default event type selection                          &amp#27;[90m# file:///D:/EventManagementSystem/src/test/resources/features/bookingModule.feature:16&amp#27;[0m
  &amp#27;[32m✔&amp#27;[0m &amp#27;[32m&amp#27;[1mGiven &amp#27;[22mThe user opens the Booking module&amp#27;[0m                              &amp#27;[90m# stepdefinitions.BookingModuleDefinitions.the_user_opens_the_booking_module()&amp#27;[0m
  &amp#27;[32m✔&amp#27;[0m &amp#27;[32m&amp#27;[1mWhen &amp#27;[22mThe user fills the booking form without selecting an event type&amp#27;[0m &amp#27;[90m# stepdefinitions.BookingModuleDefinitions.the_user_fills_the_booking_form_without_selecting_an_event_type()&amp#27;[0m
  &amp#27;[32m✔&amp#27;[0m &amp#27;[32m&amp#27;[1mAnd &amp#27;[22mSubmits the booking form&amp#27;[0m                                         &amp#27;[90m# stepdefinitions.BookingModuleDefinitions.submits_the_booking_form()&amp#27;[0m
  &amp#27;[32m✔&amp#27;[0m &amp#27;[32m&amp#27;[1mThen &amp#27;[22mAn event type error message should be displayed&amp#27;[0m                 &amp#27;[90m# stepdefinitions.BookingModuleDefinitions.an_event_type_error_message_should_be_displayed()&amp#27;[0m
]]></system-out>
    <system-err><![CDATA[Aug 17, 2025 2:41:08 AM org.openqa.selenium.devtools.CdpVersionFinder findNearestMatch
WARNING: Unable to find CDP implementation matching 139
Aug 17, 2025 2:41:08 AM org.openqa.selenium.chromium.ChromiumDriver lambda$new$5
WARNING: Unable to find version of CDP to use for 139.0.7258.128. You may need to include a dependency on a specific version of the CDP using something similar to `org.seleniumhq.selenium:selenium-devtools-v86:4.12.1` where the version ("v86") matches the version of the chromium-based browser you're using and the version number of the artifact is the same as Selenium's.
]]></system-err>
  </testcase>
  <testcase name="runScenario[&quot;Submit with all valid fields&quot;, &quot;Validate the Contact Us module in the Event Management System&quot;](4)" classname="testrunners.TestRunners" time="10.844">
    <system-out><![CDATA[
&amp#27;[1mScenario:&amp#27;[22m Submit with all valid fields               &amp#27;[90m# file:///D:/EventManagementSystem/src/test/resources/features/contactUs.feature:6&amp#27;[0m
  &amp#27;[32m✔&amp#27;[0m &amp#27;[32m&amp#27;[1mGiven &amp#27;[22mThe user opens the Contact Us module&amp#27;[0m       &amp#27;[90m# stepdefinitions.ContactUsModuleDefinitions.user_opens_contactmodule()&amp#27;[0m
  &amp#27;[32m✔&amp#27;[0m &amp#27;[32m&amp#27;[1mWhen &amp#27;[22mThe user enters valid details in all fields&amp#27;[0m &amp#27;[90m# stepdefinitions.ContactUsModuleDefinitions.the_user_enters_valid_details_in_all_fields()&amp#27;[0m
  &amp#27;[32m✔&amp#27;[0m &amp#27;[32m&amp#27;[1mAnd &amp#27;[22mSubmits the Contact Us form&amp#27;[0m                  &amp#27;[90m# stepdefinitions.ContactUsModuleDefinitions.submits_the_contact_us_form()&amp#27;[0m
Your message has been sent !
Success message : Your message has been sent !
  &amp#27;[32m✔&amp#27;[0m &amp#27;[32m&amp#27;[1mThen &amp#27;[22mA success message should be displayed&amp#27;[0m       &amp#27;[90m# stepdefinitions.ContactUsModuleDefinitions.a_success_message_should_be_displayed()&amp#27;[0m
]]></system-out>
    <system-err><![CDATA[Aug 17, 2025 2:41:17 AM org.openqa.selenium.devtools.CdpVersionFinder findNearestMatch
WARNING: Unable to find CDP implementation matching 139
Aug 17, 2025 2:41:17 AM org.openqa.selenium.chromium.ChromiumDriver lambda$new$5
WARNING: Unable to find version of CDP to use for 139.0.7258.128. You may need to include a dependency on a specific version of the CDP using something similar to `org.seleniumhq.selenium:selenium-devtools-v86:4.12.1` where the version ("v86") matches the version of the chromium-based browser you're using and the version number of the artifact is the same as Selenium's.
]]></system-err>
  </testcase>
  <testcase name="runScenario[&quot;Submit with invalid name&quot;, &quot;Validate the Contact Us module in the Event Management System&quot;](5)" classname="testrunners.TestRunners" time="13.083">
    <failure message="Name error message is not as expected." type="java.lang.AssertionError"><![CDATA[java.lang.AssertionError: Name error message is not as expected.
	at org.testng.Assert.fail(Assert.java:110)
	at stepdefinitions.ContactUsModuleDefinitions.a_name_error_message_should_be_displayed(ContactUsModuleDefinitions.java:65)
	at ✽.A name error message should be displayed(file:///D:/EventManagementSystem/src/test/resources/features/contactUs.feature:14)
]]></failure>
    <system-out><![CDATA[
&amp#27;[1mScenario:&amp#27;[22m Submit with invalid name                                      &amp#27;[90m# file:///D:/EventManagementSystem/src/test/resources/features/contactUs.feature:11&amp#27;[0m
  &amp#27;[32m✔&amp#27;[0m &amp#27;[32m&amp#27;[1mGiven &amp#27;[22mThe user opens the Contact Us module&amp#27;[0m                          &amp#27;[90m# stepdefinitions.ContactUsModuleDefinitions.user_opens_contactmodule()&amp#27;[0m
  &amp#27;[32m✔&amp#27;[0m &amp#27;[32m&amp#27;[1mWhen &amp#27;[22mThe user enters an invalid name and all other fields are valid&amp#27;[0m &amp#27;[90m# stepdefinitions.ContactUsModuleDefinitions.the_user_enters_an_invalid_name_and_all_other_fields_are_valid()&amp#27;[0m
  &amp#27;[32m✔&amp#27;[0m &amp#27;[32m&amp#27;[1mAnd &amp#27;[22mSubmits the Contact Us form&amp#27;[0m                                     &amp#27;[90m# stepdefinitions.ContactUsModuleDefinitions.submits_the_contact_us_form()&amp#27;[0m
org.openqa.selenium.TimeoutException: Expected condition failed: waiting for utilities.ReusableFunctions$$Lambda/0x000001aa2d63bb28@2f8ab988 (tried for 5 second(s) with 500 milliseconds interval)
Build info: version: '4.12.1', revision: '8e34639b11'
System info: os.name: 'Windows 11', os.arch: 'amd64', os.version: '10.0', java.version: '21.0.7'
Driver info: org.openqa.selenium.chrome.ChromeDriver
Capabilities {acceptInsecureCerts: false, browserName: chrome, browserVersion: 139.0.7258.128, chrome: {chromedriverVersion: 139.0.7258.68 (40ff94600b6e..., userDataDir: C:\Users\Asus\AppData\Local...}, fedcm:accounts: true, goog:chromeOptions: {debuggerAddress: localhost:55202}, networkConnectionEnabled: false, pageLoadStrategy: normal, platformName: windows, proxy: Proxy(), se:cdp: ws://localhost:55202/devtoo..., se:cdpVersion: 139.0.7258.128, setWindowRect: true, strictFileInteractability: false, timeouts: {implicit: 0, pageLoad: 300000, script: 30000}, unhandledPromptBehavior: dismiss and notify, webauthn:extension:credBlob: true, webauthn:extension:largeBlob: true, webauthn:extension:minPinLength: true, webauthn:extension:prf: true, webauthn:virtualAuthenticators: true}
Session ID: d912382e0c20c34396be3c75b05a4800
Email Error: 
Mismatch! Expected: "Your name should be in valid format", but found: ""
  &amp#27;[31m✘&amp#27;[0m &amp#27;[31m&amp#27;[1mThen &amp#27;[22mA name error message should be displayed&amp#27;[0m                       &amp#27;[90m# stepdefinitions.ContactUsModuleDefinitions.a_name_error_message_should_be_displayed()&amp#27;[0m
        &amp#27;[31mjava.lang.AssertionError: Name error message is not as expected.
        	at org.testng.Assert.fail(Assert.java:110)
        	at stepdefinitions.ContactUsModuleDefinitions.a_name_error_message_should_be_displayed(ContactUsModuleDefinitions.java:65)
        	at ✽.A name error message should be displayed(file:///D:/EventManagementSystem/src/test/resources/features/contactUs.feature:14)&amp#27;[0m
]]></system-out>
    <system-err><![CDATA[Aug 17, 2025 2:41:27 AM org.openqa.selenium.devtools.CdpVersionFinder findNearestMatch
WARNING: Unable to find CDP implementation matching 139
Aug 17, 2025 2:41:27 AM org.openqa.selenium.chromium.ChromiumDriver lambda$new$5
WARNING: Unable to find version of CDP to use for 139.0.7258.128. You may need to include a dependency on a specific version of the CDP using something similar to `org.seleniumhq.selenium:selenium-devtools-v86:4.12.1` where the version ("v86") matches the version of the chromium-based browser you're using and the version number of the artifact is the same as Selenium's.
]]></system-err>
  </testcase>
  <testcase name="runScenario[&quot;Submit with invalid email format&quot;, &quot;Validate the Contact Us module in the Event Management System&quot;](6)" classname="testrunners.TestRunners" time="12.491">
    <failure message="Email format error message is not as expected." type="java.lang.AssertionError"><![CDATA[java.lang.AssertionError: Email format error message is not as expected.
	at org.testng.Assert.fail(Assert.java:110)
	at stepdefinitions.ContactUsModuleDefinitions.an_email_format_error_message_should_be_displayed(ContactUsModuleDefinitions.java:46)
	at ✽.An email format error message should be displayed(file:///D:/EventManagementSystem/src/test/resources/features/contactUs.feature:19)
]]></failure>
    <system-out><![CDATA[
&amp#27;[1mScenario:&amp#27;[22m Submit with invalid email format                                  &amp#27;[90m# file:///D:/EventManagementSystem/src/test/resources/features/contactUs.feature:16&amp#27;[0m
  &amp#27;[32m✔&amp#27;[0m &amp#27;[32m&amp#27;[1mGiven &amp#27;[22mThe user opens the Contact Us module&amp#27;[0m                              &amp#27;[90m# stepdefinitions.ContactUsModuleDefinitions.user_opens_contactmodule()&amp#27;[0m
  &amp#27;[32m✔&amp#27;[0m &amp#27;[32m&amp#27;[1mWhen &amp#27;[22mThe user enters an invalid email ID and all other fields are valid&amp#27;[0m &amp#27;[90m# stepdefinitions.ContactUsModuleDefinitions.the_user_enters_an_invalid_email_id_and_all_other_fields_are_valid()&amp#27;[0m
  &amp#27;[32m✔&amp#27;[0m &amp#27;[32m&amp#27;[1mAnd &amp#27;[22mSubmits the Contact Us form&amp#27;[0m                                         &amp#27;[90m# stepdefinitions.ContactUsModuleDefinitions.submits_the_contact_us_form()&amp#27;[0m
org.openqa.selenium.TimeoutException: Expected condition failed: waiting for utilities.ReusableFunctions$$Lambda/0x000001aa2d63bb28@21dd91da (tried for 5 second(s) with 500 milliseconds interval)
Build info: version: '4.12.1', revision: '8e34639b11'
System info: os.name: 'Windows 11', os.arch: 'amd64', os.version: '10.0', java.version: '21.0.7'
Driver info: org.openqa.selenium.chrome.ChromeDriver
Capabilities {acceptInsecureCerts: false, browserName: chrome, browserVersion: 139.0.7258.128, chrome: {chromedriverVersion: 139.0.7258.68 (40ff94600b6e..., userDataDir: C:\Users\Asus\AppData\Local...}, fedcm:accounts: true, goog:chromeOptions: {debuggerAddress: localhost:55234}, networkConnectionEnabled: false, pageLoadStrategy: normal, platformName: windows, proxy: Proxy(), se:cdp: ws://localhost:55234/devtoo..., se:cdpVersion: 139.0.7258.128, setWindowRect: true, strictFileInteractability: false, timeouts: {implicit: 0, pageLoad: 300000, script: 30000}, unhandledPromptBehavior: dismiss and notify, webauthn:extension:credBlob: true, webauthn:extension:largeBlob: true, webauthn:extension:minPinLength: true, webauthn:extension:prf: true, webauthn:virtualAuthenticators: true}
Session ID: f7561f408779eaa7d2f2cba5b6c6bd64
Email Error: 
 Mismatch! Expected: "Your email sould be in valid format", but found: ""
  &amp#27;[31m✘&amp#27;[0m &amp#27;[31m&amp#27;[1mThen &amp#27;[22mAn email format error message should be displayed&amp#27;[0m                  &amp#27;[90m# stepdefinitions.ContactUsModuleDefinitions.an_email_format_error_message_should_be_displayed()&amp#27;[0m
        &amp#27;[31mjava.lang.AssertionError: Email format error message is not as expected.
        	at org.testng.Assert.fail(Assert.java:110)
        	at stepdefinitions.ContactUsModuleDefinitions.an_email_format_error_message_should_be_displayed(ContactUsModuleDefinitions.java:46)
        	at ✽.An email format error message should be displayed(file:///D:/EventManagementSystem/src/test/resources/features/contactUs.feature:19)&amp#27;[0m
]]></system-out>
    <system-err><![CDATA[Aug 17, 2025 2:41:41 AM org.openqa.selenium.devtools.CdpVersionFinder findNearestMatch
WARNING: Unable to find CDP implementation matching 139
Aug 17, 2025 2:41:41 AM org.openqa.selenium.chromium.ChromiumDriver lambda$new$5
WARNING: Unable to find version of CDP to use for 139.0.7258.128. You may need to include a dependency on a specific version of the CDP using something similar to `org.seleniumhq.selenium:selenium-devtools-v86:4.12.1` where the version ("v86") matches the version of the chromium-based browser you're using and the version number of the artifact is the same as Selenium's.
]]></system-err>
  </testcase>
</testsuite>